#!RESULT OK
#!CONNECTION ldap://192.168.59.103:10389
#!DATE 2015-01-25T11:37:54.687
dn: dc=people,dc=example,dc=com
changetype: add
objectclass: domain
objectclass: top
dc: people

#!RESULT OK
#!CONNECTION ldap://192.168.59.103:10389
#!DATE 2015-01-25T11:37:54.737
dn: dc=groups,dc=example,dc=com
changetype: add
objectclass: domain
objectclass: top
dc: groups

#!RESULT OK
#!CONNECTION ldap://192.168.59.103:10389
#!DATE 2015-01-25T11:37:54.788
dn: uid=user3,dc=people,dc=example,dc=com
changetype: add
objectClass: tlsKeyInfo
objectClass: organizationalPerson
objectClass: person
objectClass: inetOrgPerson
objectClass: top
cn: user3
sn: user3
displayName: user3
uid: user3
userCertificate:: MIIBdzCCASECBgFLIkUVKjANBgkqhkiG9w0BAQUFADBCMQswCQYDVQQGEw
 JVUzEMMAoGA1UEChMDQVNGMRIwEAYDVQQLEwlEaXJlY3RvcnkxETAPBgNVBAMTCEFwYWNoZURTM
 B4XDTE1MDEyNTE4MDUyN1oXDTE2MDEyNTE4MDUyN1owRjELMAkGA1UEBhMCVVMxDDAKBgNVBAoT
 A0FTRjESMBAGA1UECxMJRGlyZWN0b3J5MRUwEwYDVQQDEwxmNTE0MzhmMGQwOTQwXDANBgkqhki
 G9w0BAQEFAANLADBIAkEAwxmUJc2WTleXJgCjIehPhPIvXsuUhBYhfHSehapb9cl/gP9qH9JNi8
 15As0FPoHxjYRBW416zTlqjhbmw9YAtQIDAQABMA0GCSqGSIb3DQEBBQUAA0EAk4EEtTrtPCFrg
 G4dO566qb6O5QH8VA6brQhJdanrTDAinwEYaOeS1FCRg11pB7cWb2y3rZTp5KYnI0DNwPgY5A==
userPassword:: e1NTSEF9UzdPa0M2NG85bzFjOEgyQzJMR1AzMlhIQW5kcmRTYk0yczdvWkE9P
 Q==
keyAlgorithm: RSA
privateKey:: MO+/vQFUAgEAMA0GCSrvv71I77+977+9DQEBAQUABO+/vQE+MO+/vQE6AgEAAkE
 A77+9Ge+/vSXNlk5X77+9JgDvv70h77+9T++/ve+/vS9ey5Tvv70WIXx077+977+977+9W++/ve
 +/vX/vv73vv71qH++/vU3vv73vv715Au+/vQU+77+977+9QVvvv71677+9OWrvv70W77+977+97
 7+9AO+/vQIDAQABAkB2GSrvv73vv71yQ++/vQPvv73vv71REXpl77+9TXXvv71FEH7vv71C77+9
 77+9bO+/ve+/vXvvv70Y77+9Bl3vv71sLR8t77+9UjBaY++/vShv77+9CXHvv73vv70c77+977+
 977+977+9Ae+/vRPvv71VAiEA77+977+9RO+/vX3vv73vv71A77+977+9F0vvv71adxpM77+977
 +9OwRz77+9wqPvv73UjOi1hwIhAMmo77+9Dida77+9Ud+M77+977+9c++/ve+/vTt477+9TMWGW
 e+/vWnvv71n77+9ESfvv70m77+9AiEA77+9RCg5W2vvv73vv71ATWIPdu+/vSjvv71VCO+/ve+/
 vRl+77+9dzxY77+9b++/ve+/vQxPAiA8Ee+/vTfvv70dC++/vduQ77+977+9wrDvv70i77+9Bu+
 /vTfvv73vv73vv70jUe+/ve+/ve+/vUoeRQIgIu+/vVjvv71h77+9I++/ve+/vX5d77+9Mjrvv7
 3YpHnvv71w77+9Z++/vW4v77+9B++/vSlx77+9fg==
privateKeyFormat: PKCS#8
publicKey:: MFwwDQYJKu+/vUjvv73vv70NAQEBBQADSwAwSAJBAO+/vRnvv70lzZZOV++/vSYA
 77+9Ie+/vU/vv73vv70vXsuU77+9FiF8dO+/ve+/ve+/vVvvv73vv71/77+977+9ah/vv71N77+
 977+9eQLvv70FPu+/ve+/vUFb77+9eu+/vTlq77+9Fu+/ve+/ve+/vQDvv70CAwEAAQ==
publicKeyFormat: X.509

#!RESULT OK
#!CONNECTION ldap://192.168.59.103:10389
#!DATE 2015-01-25T11:37:54.848
dn: uid=admin,dc=people,dc=example,dc=com
changetype: add
objectClass: tlsKeyInfo
objectClass: organizationalPerson
objectClass: person
objectClass: inetOrgPerson
objectClass: top
cn: admin
sn: admin
displayName: admin
uid: admin
userCertificate:: MIIBdzCCASECBgFLIkUVKjANBgkqhkiG9w0BAQUFADBCMQswCQYDVQQGEw
 JVUzEMMAoGA1UEChMDQVNGMRIwEAYDVQQLEwlEaXJlY3RvcnkxETAPBgNVBAMTCEFwYWNoZURTM
 B4XDTE1MDEyNTE4MDUyN1oXDTE2MDEyNTE4MDUyN1owRjELMAkGA1UEBhMCVVMxDDAKBgNVBAoT
 A0FTRjESMBAGA1UECxMJRGlyZWN0b3J5MRUwEwYDVQQDEwxmNTE0MzhmMGQwOTQwXDANBgkqhki
 G9w0BAQEFAANLADBIAkEAwxmUJc2WTleXJgCjIehPhPIvXsuUhBYhfHSehapb9cl/gP9qH9JNi8
 15As0FPoHxjYRBW416zTlqjhbmw9YAtQIDAQABMA0GCSqGSIb3DQEBBQUAA0EAk4EEtTrtPCFrg
 G4dO566qb6O5QH8VA6brQhJdanrTDAinwEYaOeS1FCRg11pB7cWb2y3rZTp5KYnI0DNwPgY5A==
userPassword:: e1NTSEF9UzdPa0M2NG85bzFjOEgyQzJMR1AzMlhIQW5kcmRTYk0yczdvWkE9P
 Q==
keyAlgorithm: RSA
privateKey:: MO+/vQFUAgEAMA0GCSrvv71I77+977+9DQEBAQUABO+/vQE+MO+/vQE6AgEAAkE
 A77+9Ge+/vSXNlk5X77+9JgDvv70h77+9T++/ve+/vS9ey5Tvv70WIXx077+977+977+9W++/ve
 +/vX/vv73vv71qH++/vU3vv73vv715Au+/vQU+77+977+9QVvvv71677+9OWrvv70W77+977+97
 7+9AO+/vQIDAQABAkB2GSrvv73vv71yQ++/vQPvv73vv71REXpl77+9TXXvv71FEH7vv71C77+9
 77+9bO+/ve+/vXvvv70Y77+9Bl3vv71sLR8t77+9UjBaY++/vShv77+9CXHvv73vv70c77+977+
 977+977+9Ae+/vRPvv71VAiEA77+977+9RO+/vX3vv73vv71A77+977+9F0vvv71adxpM77+977
 +9OwRz77+9wqPvv73UjOi1hwIhAMmo77+9Dida77+9Ud+M77+977+9c++/ve+/vTt477+9TMWGW
 e+/vWnvv71n77+9ESfvv70m77+9AiEA77+9RCg5W2vvv73vv71ATWIPdu+/vSjvv71VCO+/ve+/
 vRl+77+9dzxY77+9b++/ve+/vQxPAiA8Ee+/vTfvv70dC++/vduQ77+977+9wrDvv70i77+9Bu+
 /vTfvv73vv73vv70jUe+/ve+/ve+/vUoeRQIgIu+/vVjvv71h77+9I++/ve+/vX5d77+9Mjrvv7
 3YpHnvv71w77+9Z++/vW4v77+9B++/vSlx77+9fg==
privateKeyFormat: PKCS#8
publicKey:: MFwwDQYJKu+/vUjvv73vv70NAQEBBQADSwAwSAJBAO+/vRnvv70lzZZOV++/vSYA
 77+9Ie+/vU/vv73vv70vXsuU77+9FiF8dO+/ve+/ve+/vVvvv73vv71/77+977+9ah/vv71N77+
 977+9eQLvv70FPu+/ve+/vUFb77+9eu+/vTlq77+9Fu+/ve+/ve+/vQDvv70CAwEAAQ==
publicKeyFormat: X.509

#!RESULT OK
#!CONNECTION ldap://192.168.59.103:10389
#!DATE 2015-01-25T11:37:54.901
dn: uid=user2,dc=people,dc=example,dc=com
changetype: add
objectClass: tlsKeyInfo
objectClass: organizationalPerson
objectClass: person
objectClass: inetOrgPerson
objectClass: top
cn: user2
sn: user2
displayName: user2
uid: user2
userCertificate:: MIIBdzCCASECBgFLIkUVKjANBgkqhkiG9w0BAQUFADBCMQswCQYDVQQGEw
 JVUzEMMAoGA1UEChMDQVNGMRIwEAYDVQQLEwlEaXJlY3RvcnkxETAPBgNVBAMTCEFwYWNoZURTM
 B4XDTE1MDEyNTE4MDUyN1oXDTE2MDEyNTE4MDUyN1owRjELMAkGA1UEBhMCVVMxDDAKBgNVBAoT
 A0FTRjESMBAGA1UECxMJRGlyZWN0b3J5MRUwEwYDVQQDEwxmNTE0MzhmMGQwOTQwXDANBgkqhki
 G9w0BAQEFAANLADBIAkEAwxmUJc2WTleXJgCjIehPhPIvXsuUhBYhfHSehapb9cl/gP9qH9JNi8
 15As0FPoHxjYRBW416zTlqjhbmw9YAtQIDAQABMA0GCSqGSIb3DQEBBQUAA0EAk4EEtTrtPCFrg
 G4dO566qb6O5QH8VA6brQhJdanrTDAinwEYaOeS1FCRg11pB7cWb2y3rZTp5KYnI0DNwPgY5A==
userPassword:: e1NTSEF9UzdPa0M2NG85bzFjOEgyQzJMR1AzMlhIQW5kcmRTYk0yczdvWkE9P
 Q==
keyAlgorithm: RSA
privateKey:: MO+/vQFUAgEAMA0GCSrvv71I77+977+9DQEBAQUABO+/vQE+MO+/vQE6AgEAAkE
 A77+9Ge+/vSXNlk5X77+9JgDvv70h77+9T++/ve+/vS9ey5Tvv70WIXx077+977+977+9W++/ve
 +/vX/vv73vv71qH++/vU3vv73vv715Au+/vQU+77+977+9QVvvv71677+9OWrvv70W77+977+97
 7+9AO+/vQIDAQABAkB2GSrvv73vv71yQ++/vQPvv73vv71REXpl77+9TXXvv71FEH7vv71C77+9
 77+9bO+/ve+/vXvvv70Y77+9Bl3vv71sLR8t77+9UjBaY++/vShv77+9CXHvv73vv70c77+977+
 977+977+9Ae+/vRPvv71VAiEA77+977+9RO+/vX3vv73vv71A77+977+9F0vvv71adxpM77+977
 +9OwRz77+9wqPvv73UjOi1hwIhAMmo77+9Dida77+9Ud+M77+977+9c++/ve+/vTt477+9TMWGW
 e+/vWnvv71n77+9ESfvv70m77+9AiEA77+9RCg5W2vvv73vv71ATWIPdu+/vSjvv71VCO+/ve+/
 vRl+77+9dzxY77+9b++/ve+/vQxPAiA8Ee+/vTfvv70dC++/vduQ77+977+9wrDvv70i77+9Bu+
 /vTfvv73vv73vv70jUe+/ve+/ve+/vUoeRQIgIu+/vVjvv71h77+9I++/ve+/vX5d77+9Mjrvv7
 3YpHnvv71w77+9Z++/vW4v77+9B++/vSlx77+9fg==
privateKeyFormat: PKCS#8
publicKey:: MFwwDQYJKu+/vUjvv73vv70NAQEBBQADSwAwSAJBAO+/vRnvv70lzZZOV++/vSYA
 77+9Ie+/vU/vv73vv70vXsuU77+9FiF8dO+/ve+/ve+/vVvvv73vv71/77+977+9ah/vv71N77+
 977+9eQLvv70FPu+/ve+/vUFb77+9eu+/vTlq77+9Fu+/ve+/ve+/vQDvv70CAwEAAQ==
publicKeyFormat: X.509

#!RESULT OK
#!CONNECTION ldap://192.168.59.103:10389
#!DATE 2015-01-25T11:37:54.960
dn: uid=user1,dc=people,dc=example,dc=com
changetype: add
objectClass: tlsKeyInfo
objectClass: organizationalPerson
objectClass: person
objectClass: inetOrgPerson
objectClass: top
cn: user1
sn: user1
displayName: user1
uid: user1
userCertificate:: MIIBdzCCASECBgFLIkUVKjANBgkqhkiG9w0BAQUFADBCMQswCQYDVQQGEw
 JVUzEMMAoGA1UEChMDQVNGMRIwEAYDVQQLEwlEaXJlY3RvcnkxETAPBgNVBAMTCEFwYWNoZURTM
 B4XDTE1MDEyNTE4MDUyN1oXDTE2MDEyNTE4MDUyN1owRjELMAkGA1UEBhMCVVMxDDAKBgNVBAoT
 A0FTRjESMBAGA1UECxMJRGlyZWN0b3J5MRUwEwYDVQQDEwxmNTE0MzhmMGQwOTQwXDANBgkqhki
 G9w0BAQEFAANLADBIAkEAwxmUJc2WTleXJgCjIehPhPIvXsuUhBYhfHSehapb9cl/gP9qH9JNi8
 15As0FPoHxjYRBW416zTlqjhbmw9YAtQIDAQABMA0GCSqGSIb3DQEBBQUAA0EAk4EEtTrtPCFrg
 G4dO566qb6O5QH8VA6brQhJdanrTDAinwEYaOeS1FCRg11pB7cWb2y3rZTp5KYnI0DNwPgY5A==
userPassword:: e1NTSEF9UzdPa0M2NG85bzFjOEgyQzJMR1AzMlhIQW5kcmRTYk0yczdvWkE9P
 Q==
keyAlgorithm: RSA
privateKey:: MO+/vQFUAgEAMA0GCSrvv71I77+977+9DQEBAQUABO+/vQE+MO+/vQE6AgEAAkE
 A77+9Ge+/vSXNlk5X77+9JgDvv70h77+9T++/ve+/vS9ey5Tvv70WIXx077+977+977+9W++/ve
 +/vX/vv73vv71qH++/vU3vv73vv715Au+/vQU+77+977+9QVvvv71677+9OWrvv70W77+977+97
 7+9AO+/vQIDAQABAkB2GSrvv73vv71yQ++/vQPvv73vv71REXpl77+9TXXvv71FEH7vv71C77+9
 77+9bO+/ve+/vXvvv70Y77+9Bl3vv71sLR8t77+9UjBaY++/vShv77+9CXHvv73vv70c77+977+
 977+977+9Ae+/vRPvv71VAiEA77+977+9RO+/vX3vv73vv71A77+977+9F0vvv71adxpM77+977
 +9OwRz77+9wqPvv73UjOi1hwIhAMmo77+9Dida77+9Ud+M77+977+9c++/ve+/vTt477+9TMWGW
 e+/vWnvv71n77+9ESfvv70m77+9AiEA77+9RCg5W2vvv73vv71ATWIPdu+/vSjvv71VCO+/ve+/
 vRl+77+9dzxY77+9b++/ve+/vQxPAiA8Ee+/vTfvv70dC++/vduQ77+977+9wrDvv70i77+9Bu+
 /vTfvv73vv73vv70jUe+/ve+/ve+/vUoeRQIgIu+/vVjvv71h77+9I++/ve+/vX5d77+9Mjrvv7
 3YpHnvv71w77+9Z++/vW4v77+9B++/vSlx77+9fg==
privateKeyFormat: PKCS#8
publicKey:: MFwwDQYJKu+/vUjvv73vv70NAQEBBQADSwAwSAJBAO+/vRnvv70lzZZOV++/vSYA
 77+9Ie+/vU/vv73vv70vXsuU77+9FiF8dO+/ve+/ve+/vVvvv73vv71/77+977+9ah/vv71N77+
 977+9eQLvv70FPu+/ve+/vUFb77+9eu+/vTlq77+9Fu+/ve+/ve+/vQDvv70CAwEAAQ==
publicKeyFormat: X.509

#!RESULT OK
#!CONNECTION ldap://192.168.59.103:10389
#!DATE 2015-01-25T11:37:55.018
dn: uid=user5,dc=people,dc=example,dc=com
changetype: add
objectClass: tlsKeyInfo
objectClass: organizationalPerson
objectClass: person
objectClass: inetOrgPerson
objectClass: top
cn: user5
sn: user5
displayName: user5
uid: user5
userCertificate:: MIIBdzCCASECBgFLIkUVKjANBgkqhkiG9w0BAQUFADBCMQswCQYDVQQGEw
 JVUzEMMAoGA1UEChMDQVNGMRIwEAYDVQQLEwlEaXJlY3RvcnkxETAPBgNVBAMTCEFwYWNoZURTM
 B4XDTE1MDEyNTE4MDUyN1oXDTE2MDEyNTE4MDUyN1owRjELMAkGA1UEBhMCVVMxDDAKBgNVBAoT
 A0FTRjESMBAGA1UECxMJRGlyZWN0b3J5MRUwEwYDVQQDEwxmNTE0MzhmMGQwOTQwXDANBgkqhki
 G9w0BAQEFAANLADBIAkEAwxmUJc2WTleXJgCjIehPhPIvXsuUhBYhfHSehapb9cl/gP9qH9JNi8
 15As0FPoHxjYRBW416zTlqjhbmw9YAtQIDAQABMA0GCSqGSIb3DQEBBQUAA0EAk4EEtTrtPCFrg
 G4dO566qb6O5QH8VA6brQhJdanrTDAinwEYaOeS1FCRg11pB7cWb2y3rZTp5KYnI0DNwPgY5A==
userPassword:: e1NTSEF9UzdPa0M2NG85bzFjOEgyQzJMR1AzMlhIQW5kcmRTYk0yczdvWkE9P
 Q==
keyAlgorithm: RSA
privateKey:: MO+/vQFUAgEAMA0GCSrvv71I77+977+9DQEBAQUABO+/vQE+MO+/vQE6AgEAAkE
 A77+9Ge+/vSXNlk5X77+9JgDvv70h77+9T++/ve+/vS9ey5Tvv70WIXx077+977+977+9W++/ve
 +/vX/vv73vv71qH++/vU3vv73vv715Au+/vQU+77+977+9QVvvv71677+9OWrvv70W77+977+97
 7+9AO+/vQIDAQABAkB2GSrvv73vv71yQ++/vQPvv73vv71REXpl77+9TXXvv71FEH7vv71C77+9
 77+9bO+/ve+/vXvvv70Y77+9Bl3vv71sLR8t77+9UjBaY++/vShv77+9CXHvv73vv70c77+977+
 977+977+9Ae+/vRPvv71VAiEA77+977+9RO+/vX3vv73vv71A77+977+9F0vvv71adxpM77+977
 +9OwRz77+9wqPvv73UjOi1hwIhAMmo77+9Dida77+9Ud+M77+977+9c++/ve+/vTt477+9TMWGW
 e+/vWnvv71n77+9ESfvv70m77+9AiEA77+9RCg5W2vvv73vv71ATWIPdu+/vSjvv71VCO+/ve+/
 vRl+77+9dzxY77+9b++/ve+/vQxPAiA8Ee+/vTfvv70dC++/vduQ77+977+9wrDvv70i77+9Bu+
 /vTfvv73vv73vv70jUe+/ve+/ve+/vUoeRQIgIu+/vVjvv71h77+9I++/ve+/vX5d77+9Mjrvv7
 3YpHnvv71w77+9Z++/vW4v77+9B++/vSlx77+9fg==
privateKeyFormat: PKCS#8
publicKey:: MFwwDQYJKu+/vUjvv73vv70NAQEBBQADSwAwSAJBAO+/vRnvv70lzZZOV++/vSYA
 77+9Ie+/vU/vv73vv70vXsuU77+9FiF8dO+/ve+/ve+/vVvvv73vv71/77+977+9ah/vv71N77+
 977+9eQLvv70FPu+/ve+/vUFb77+9eu+/vTlq77+9Fu+/ve+/ve+/vQDvv70CAwEAAQ==
publicKeyFormat: X.509

#!RESULT OK
#!CONNECTION ldap://192.168.59.103:10389
#!DATE 2015-01-25T11:37:55.077
dn: uid=user4,dc=people,dc=example,dc=com
changetype: add
objectClass: tlsKeyInfo
objectClass: organizationalPerson
objectClass: person
objectClass: inetOrgPerson
objectClass: top
cn: user4
sn: user4
displayName: user4
uid: user4
userCertificate:: MIIBdzCCASECBgFLIkUVKjANBgkqhkiG9w0BAQUFADBCMQswCQYDVQQGEw
 JVUzEMMAoGA1UEChMDQVNGMRIwEAYDVQQLEwlEaXJlY3RvcnkxETAPBgNVBAMTCEFwYWNoZURTM
 B4XDTE1MDEyNTE4MDUyN1oXDTE2MDEyNTE4MDUyN1owRjELMAkGA1UEBhMCVVMxDDAKBgNVBAoT
 A0FTRjESMBAGA1UECxMJRGlyZWN0b3J5MRUwEwYDVQQDEwxmNTE0MzhmMGQwOTQwXDANBgkqhki
 G9w0BAQEFAANLADBIAkEAwxmUJc2WTleXJgCjIehPhPIvXsuUhBYhfHSehapb9cl/gP9qH9JNi8
 15As0FPoHxjYRBW416zTlqjhbmw9YAtQIDAQABMA0GCSqGSIb3DQEBBQUAA0EAk4EEtTrtPCFrg
 G4dO566qb6O5QH8VA6brQhJdanrTDAinwEYaOeS1FCRg11pB7cWb2y3rZTp5KYnI0DNwPgY5A==
userPassword:: e1NTSEF9UzdPa0M2NG85bzFjOEgyQzJMR1AzMlhIQW5kcmRTYk0yczdvWkE9P
 Q==
keyAlgorithm: RSA
privateKey:: MO+/vQFUAgEAMA0GCSrvv71I77+977+9DQEBAQUABO+/vQE+MO+/vQE6AgEAAkE
 A77+9Ge+/vSXNlk5X77+9JgDvv70h77+9T++/ve+/vS9ey5Tvv70WIXx077+977+977+9W++/ve
 +/vX/vv73vv71qH++/vU3vv73vv715Au+/vQU+77+977+9QVvvv71677+9OWrvv70W77+977+97
 7+9AO+/vQIDAQABAkB2GSrvv73vv71yQ++/vQPvv73vv71REXpl77+9TXXvv71FEH7vv71C77+9
 77+9bO+/ve+/vXvvv70Y77+9Bl3vv71sLR8t77+9UjBaY++/vShv77+9CXHvv73vv70c77+977+
 977+977+9Ae+/vRPvv71VAiEA77+977+9RO+/vX3vv73vv71A77+977+9F0vvv71adxpM77+977
 +9OwRz77+9wqPvv73UjOi1hwIhAMmo77+9Dida77+9Ud+M77+977+9c++/ve+/vTt477+9TMWGW
 e+/vWnvv71n77+9ESfvv70m77+9AiEA77+9RCg5W2vvv73vv71ATWIPdu+/vSjvv71VCO+/ve+/
 vRl+77+9dzxY77+9b++/ve+/vQxPAiA8Ee+/vTfvv70dC++/vduQ77+977+9wrDvv70i77+9Bu+
 /vTfvv73vv73vv70jUe+/ve+/ve+/vUoeRQIgIu+/vVjvv71h77+9I++/ve+/vX5d77+9Mjrvv7
 3YpHnvv71w77+9Z++/vW4v77+9B++/vSlx77+9fg==
privateKeyFormat: PKCS#8
publicKey:: MFwwDQYJKu+/vUjvv73vv70NAQEBBQADSwAwSAJBAO+/vRnvv70lzZZOV++/vSYA
 77+9Ie+/vU/vv73vv70vXsuU77+9FiF8dO+/ve+/ve+/vVvvv73vv71/77+977+9ah/vv71N77+
 977+9eQLvv70FPu+/ve+/vUFb77+9eu+/vTlq77+9Fu+/ve+/ve+/vQDvv70CAwEAAQ==
publicKeyFormat: X.509

#!RESULT OK
#!CONNECTION ldap://192.168.59.103:10389
#!DATE 2015-01-25T11:37:55.120
dn: cn=user1-user2,dc=groups,dc=example,dc=com
changetype: add
objectClass: groupOfUniqueNames
objectClass: top
cn: user1-user2
uniqueMember: uid=user1,dc=people,dc=example,dc=com
uniqueMember: uid=user2,dc=people,dc=example,dc=com

#!RESULT OK
#!CONNECTION ldap://192.168.59.103:10389
#!DATE 2015-01-25T11:37:55.167
dn: cn=all-users,dc=groups,dc=example,dc=com
changetype: add
objectClass: groupOfUniqueNames
objectClass: top
cn: all-users
uniqueMember: uid=user1,dc=people,dc=example,dc=com
uniqueMember: uid=user2,dc=people,dc=example,dc=com
uniqueMember: uid=user3,dc=people,dc=example,dc=com
uniqueMember: uid=user4,dc=people,dc=example,dc=com

#!RESULT OK
#!CONNECTION ldap://192.168.59.103:10389
#!DATE 2015-01-25T11:37:55.210
dn: cn=user3-user4,dc=groups,dc=example,dc=com
changetype: add
objectClass: groupOfUniqueNames
objectClass: top
cn: user3-user4
uniqueMember: uid=user3,dc=people,dc=example,dc=com
uniqueMember: uid=user4,dc=people,dc=example,dc=com

#!RESULT OK
#!CONNECTION ldap://192.168.59.103:10389
#!DATE 2015-01-25T11:37:55.257
dn: cn=administrators,dc=groups,dc=example,dc=com
changetype: add
objectClass: groupOfUniqueNames
objectClass: top
cn: administrators
uniqueMember: uid=admin,dc=people,dc=example,dc=com


